<?xml version="1.0" encoding="UTF-8"?>
<testng-results skipped="0" failed="0" ignored="2" total="3" passed="1">
  <reporter-output>
  </reporter-output>
  <suite name="Default suite" duration-ms="5986" started-at="2022-05-02T16:47:16 CEST" finished-at="2022-05-02T16:47:22 CEST">
    <groups>
    </groups>
    <test name="Default test" duration-ms="5986" started-at="2022-05-02T16:47:16 CEST" finished-at="2022-05-02T16:47:22 CEST">
      <class name="com.API.tests.RestAPITest">
        <test-method status="PASS" signature="init()[pri:0, instance:com.API.tests.RestAPITest@7a30d1e6]" name="init" is-config="true" duration-ms="496" started-at="2022-05-02T16:47:16 CEST" finished-at="2022-05-02T16:47:17 CEST">
          <reporter-output>
          </reporter-output>
        </test-method> <!-- init -->
        <test-method status="PASS" signature="initializeSetting()[pri:0, instance:com.API.tests.RestAPITest@7a30d1e6]" name="initializeSetting" is-config="true" duration-ms="77" started-at="2022-05-02T16:47:17 CEST" finished-at="2022-05-02T16:47:17 CEST">
          <reporter-output>
          </reporter-output>
        </test-method> <!-- initializeSetting -->
        <test-method status="PASS" signature="CreateUser()[pri:0, instance:com.API.tests.RestAPITest@7a30d1e6]" name="CreateUser" duration-ms="5077" started-at="2022-05-02T16:47:17 CEST" finished-at="2022-05-02T16:47:22 CEST">
          <reporter-output>
          </reporter-output>
        </test-method> <!-- CreateUser -->
        <test-method status="PASS" signature="endSetting()[pri:0, instance:com.API.tests.RestAPITest@7a30d1e6]" name="endSetting" is-config="true" duration-ms="299" started-at="2022-05-02T16:47:22 CEST" finished-at="2022-05-02T16:47:22 CEST">
          <reporter-output>
          </reporter-output>
        </test-method> <!-- endSetting -->
      </class> <!-- com.API.tests.RestAPITest -->
    </test> <!-- Default test -->
  </suite> <!-- Default suite -->
</testng-results>
