<?xml version="1.0" encoding="UTF-8"?>
<!-- Generated by org.testng.reporters.JUnitXMLReporter -->
<testsuite hostname="Vinitas-Air.sthlm.int" ignored="2" name="Default test" tests="1" failures="0" timestamp="2022-05-02T16:47:22 CEST" time="5.986" errors="0">
  <testcase name="CreateUser" time="5.077" classname="com.API.tests.RestAPITest"/>
  <testcase name="VerifySingleUserAPI" time="0.0" classname="com.API.tests.RestAPITest">
    <ignored/>
  </testcase> <!-- VerifySingleUserAPI -->
  <testcase name="VerifySingleUserwithInvalidResource" time="0.0" classname="com.API.tests.RestAPITest">
    <ignored/>
  </testcase> <!-- VerifySingleUserwithInvalidResource -->
</testsuite> <!-- Default test -->
